# JRE version: Java(TM) SE Runtime Environment (8.0_231-b11) (build 1.8.0_231-b11)
# Java VM: Java HotSpot(TM) 64-Bit Server VM (25.231-b11 mixed mode windows-amd64 compressed oops)
Heap:
 PSYoungGen      total 102400K, used 59540K [0x00000000e0980000, 0x00000000e7180000, 0x0000000100000000)
  eden space 98304K, 60% used [0x00000000e0980000,0x00000000e43a5200,0x00000000e6980000)
  from space 4096K, 0% used [0x00000000e6d80000,0x00000000e6d80000,0x00000000e7180000)
  to   space 4096K, 0% used [0x00000000e6980000,0x00000000e6980000,0x00000000e6d80000)
 ParOldGen       total 62976K, used 14912K [0x00000000a1c00000, 0x00000000a5980000, 0x00000000e0980000)
  object space 62976K, 23% used [0x00000000a1c00000,0x00000000a2a90190,0x00000000a5980000)
 Metaspace       used 41144K, capacity 42672K, committed 43004K, reserved 1087488K
  class space    used 5233K, capacity 5518K, committed 5628K, reserved 1048576K
GC Heap History (10 events):
Event: 2.544 GC heap before
{Heap before GC invocations=6 (full 1):
 PSYoungGen      total 102400K, used 4067K [0x00000000e0980000, 0x00000000e7180000, 0x0000000100000000)
  eden space 98304K, 0% used [0x00000000e0980000,0x00000000e0980000,0x00000000e6980000)
  from space 4096K, 99% used [0x00000000e6980000,0x00000000e6d78de8,0x00000000e6d80000)
  to   space 4096K, 0% used [0x00000000e6d80000,0x00000000e6d80000,0x00000000e7180000)
 ParOldGen       total 65536K, used 9634K [0x00000000a1c00000, 0x00000000a5c00000, 0x00000000e0980000)
  object space 65536K, 14% used [0x00000000a1c00000,0x00000000a2568990,0x00000000a5c00000)
 Metaspace       used 20995K, capacity 21526K, committed 21628K, reserved 1069056K
  class space    used 2706K, capacity 2885K, committed 2940K, reserved 1048576K
Event: 2.583 GC heap after
Heap after GC invocations=6 (full 1):
 PSYoungGen      total 102400K, used 0K [0x00000000e0980000, 0x00000000e7180000, 0x0000000100000000)
  eden space 98304K, 0% used [0x00000000e0980000,0x00000000e0980000,0x00000000e6980000)
  from space 4096K, 0% used [0x00000000e6980000,0x00000000e6980000,0x00000000e6d80000)
  to   space 4096K, 0% used [0x00000000e6d80000,0x00000000e6d80000,0x00000000e7180000)
 ParOldGen       total 41984K, used 5508K [0x00000000a1c00000, 0x00000000a4500000, 0x00000000e0980000)
  object space 41984K, 13% used [0x00000000a1c00000,0x00000000a2161070,0x00000000a4500000)
 Metaspace       used 20995K, capacity 21526K, committed 21628K, reserved 1069056K
  class space    used 2706K, capacity 2885K, committed 2940K, reserved 1048576K
}
Event: 5.038 GC heap before
{Heap before GC invocations=7 (full 1):
 PSYoungGen      total 102400K, used 98304K [0x00000000e0980000, 0x00000000e7180000, 0x0000000100000000)
  eden space 98304K, 100% used [0x00000000e0980000,0x00000000e6980000,0x00000000e6980000)
  from space 4096K, 0% used [0x00000000e6980000,0x00000000e6980000,0x00000000e6d80000)
  to   space 4096K, 0% used [0x00000000e6d80000,0x00000000e6d80000,0x00000000e7180000)
 ParOldGen       total 41984K, used 5508K [0x00000000a1c00000, 0x00000000a4500000, 0x00000000e0980000)
  object space 41984K, 13% used [0x00000000a1c00000,0x00000000a2161070,0x00000000a4500000)
 Metaspace       used 28279K, capacity 29134K, committed 29308K, reserved 1075200K
  class space    used 3627K, capacity 3839K, committed 3964K, reserved 1048576K
Event: 5.048 GC heap after
Heap after GC invocations=7 (full 1):
 PSYoungGen      total 102400K, used 4084K [0x00000000e0980000, 0x00000000e7180000, 0x0000000100000000)
  eden space 98304K, 0% used [0x00000000e0980000,0x00000000e0980000,0x00000000e6980000)
  from space 4096K, 99% used [0x00000000e6d80000,0x00000000e717d030,0x00000000e7180000)
  to   space 4096K, 0% used [0x00000000e6980000,0x00000000e6980000,0x00000000e6d80000)
 ParOldGen       total 41984K, used 11417K [0x00000000a1c00000, 0x00000000a4500000, 0x00000000e0980000)
  object space 41984K, 27% used [0x00000000a1c00000,0x00000000a2726488,0x00000000a4500000)
 Metaspace       used 28279K, capacity 29134K, committed 29308K, reserved 1075200K
  class space    used 3627K, capacity 3839K, committed 3964K, reserved 1048576K
}
Event: 6.837 GC heap before
{Heap before GC invocations=8 (full 1):
 PSYoungGen      total 102400K, used 102388K [0x00000000e0980000, 0x00000000e7180000, 0x0000000100000000)
  eden space 98304K, 100% used [0x00000000e0980000,0x00000000e6980000,0x00000000e6980000)
  from space 4096K, 99% used [0x00000000e6d80000,0x00000000e717d030,0x00000000e7180000)
  to   space 4096K, 0% used [0x00000000e6980000,0x00000000e6980000,0x00000000e6d80000)
 ParOldGen       total 41984K, used 11417K [0x00000000a1c00000, 0x00000000a4500000, 0x00000000e0980000)
  object space 41984K, 27% used [0x00000000a1c00000,0x00000000a2726488,0x00000000a4500000)
 Metaspace       used 33306K, capacity 34640K, committed 34812K, reserved 1079296K
  class space    used 4269K, capacity 4536K, committed 4604K, reserved 1048576K
Event: 6.856 GC heap after
Heap after GC invocations=8 (full 1):
 PSYoungGen      total 102400K, used 4083K [0x00000000e0980000, 0x00000000e7180000, 0x0000000100000000)
  eden space 98304K, 0% used [0x00000000e0980000,0x00000000e0980000,0x00000000e6980000)
  from space 4096K, 99% used [0x00000000e6980000,0x00000000e6d7cc60,0x00000000e6d80000)
  to   space 4096K, 0% used [0x00000000e6d80000,0x00000000e6d80000,0x00000000e7180000)
 ParOldGen       total 41984K, used 17703K [0x00000000a1c00000, 0x00000000a4500000, 0x00000000e0980000)
  object space 41984K, 42% used [0x00000000a1c00000,0x00000000a2d49df8,0x00000000a4500000)
 Metaspace       used 33306K, capacity 34640K, committed 34812K, reserved 1079296K
  class space    used 4269K, capacity 4536K, committed 4604K, reserved 1048576K
}
Event: 7.116 GC heap before
{Heap before GC invocations=9 (full 1):
 PSYoungGen      total 102400K, used 20380K [0x00000000e0980000, 0x00000000e7180000, 0x0000000100000000)
  eden space 98304K, 16% used [0x00000000e0980000,0x00000000e196a3b0,0x00000000e6980000)
  from space 4096K, 99% used [0x00000000e6980000,0x00000000e6d7cc60,0x00000000e6d80000)
  to   space 4096K, 0% used [0x00000000e6d80000,0x00000000e6d80000,0x00000000e7180000)
 ParOldGen       total 41984K, used 17703K [0x00000000a1c00000, 0x00000000a4500000, 0x00000000e0980000)
  object space 41984K, 42% used [0x00000000a1c00000,0x00000000a2d49df8,0x00000000a4500000)
 Metaspace       used 34544K, capacity 36004K, committed 36048K, reserved 1081344K
  class space    used 4405K, capacity 4724K, committed 4732K, reserved 1048576K
Event: 7.129 GC heap after
Heap after GC invocations=9 (full 1):
 PSYoungGen      total 102400K, used 4064K [0x00000000e0980000, 0x00000000e7180000, 0x0000000100000000)
  eden space 98304K, 0% used [0x00000000e0980000,0x00000000e0980000,0x00000000e6980000)
  from space 4096K, 99% used [0x00000000e6d80000,0x00000000e7178010,0x00000000e7180000)
  to   space 4096K, 0% used [0x00000000e6980000,0x00000000e6980000,0x00000000e6d80000)
 ParOldGen       total 41984K, used 19151K [0x00000000a1c00000, 0x00000000a4500000, 0x00000000e0980000)
  object space 41984K, 45% used [0x00000000a1c00000,0x00000000a2eb3f78,0x00000000a4500000)
 Metaspace       used 34544K, capacity 36004K, committed 36048K, reserved 1081344K
  class space    used 4405K, capacity 4724K, committed 4732K, reserved 1048576K
}
Event: 7.129 GC heap before
{Heap before GC invocations=10 (full 2):
 PSYoungGen      total 102400K, used 4064K [0x00000000e0980000, 0x00000000e7180000, 0x0000000100000000)
  eden space 98304K, 0% used [0x00000000e0980000,0x00000000e0980000,0x00000000e6980000)
  from space 4096K, 99% used [0x00000000e6d80000,0x00000000e7178010,0x00000000e7180000)
  to   space 4096K, 0% used [0x00000000e6980000,0x00000000e6980000,0x00000000e6d80000)
 ParOldGen       total 41984K, used 19151K [0x00000000a1c00000, 0x00000000a4500000, 0x00000000e0980000)
  object space 41984K, 45% used [0x00000000a1c00000,0x00000000a2eb3f78,0x00000000a4500000)
 Metaspace       used 34544K, capacity 36004K, committed 36048K, reserved 1081344K
  class space    used 4405K, capacity 4724K, committed 4732K, reserved 1048576K
Event: 7.213 GC heap after
Heap after GC invocations=10 (full 2):
 PSYoungGen      total 102400K, used 0K [0x00000000e0980000, 0x00000000e7180000, 0x0000000100000000)
  eden space 98304K, 0% used [0x00000000e0980000,0x00000000e0980000,0x00000000e6980000)
  from space 4096K, 0% used [0x00000000e6d80000,0x00000000e6d80000,0x00000000e7180000)
  to   space 4096K, 0% used [0x00000000e6980000,0x00000000e6980000,0x00000000e6d80000)
 ParOldGen       total 62976K, used 14912K [0x00000000a1c00000, 0x00000000a5980000, 0x00000000e0980000)
  object space 62976K, 23% used [0x00000000a1c00000,0x00000000a2a90190,0x00000000a5980000)
 Metaspace       used 34544K, capacity 36004K, committed 36048K, reserved 1081344K
  class space    used 4405K, capacity 4724K, committed 4732K, reserved 1048576K
}

