# JRE version: Java(TM) SE Runtime Environment (8.0_231-b11) (build 1.8.0_231-b11)
# Java VM: Java HotSpot(TM) 64-Bit Server VM (25.231-b11 mixed mode windows-amd64 compressed oops)
Heap:
 PSYoungGen      total 265216K, used 86245K [0x00000000e0980000, 0x00000000f7e00000, 0x0000000100000000)
  eden space 248320K, 34% used [0x00000000e0980000,0x00000000e5db9648,0x00000000efc00000)
  from space 16896K, 0% used [0x00000000efc00000,0x00000000efc00000,0x00000000f0c80000)
  to   space 16896K, 0% used [0x00000000f6d80000,0x00000000f6d80000,0x00000000f7e00000)
 ParOldGen       total 82432K, used 28644K [0x00000000a1c00000, 0x00000000a6c80000, 0x00000000e0980000)
  object space 82432K, 34% used [0x00000000a1c00000,0x00000000a37f9000,0x00000000a6c80000)
 Metaspace       used 63688K, capacity 65858K, committed 66136K, reserved 1105920K
  class space    used 8617K, capacity 8989K, committed 9048K, reserved 1048576K
GC Heap History (10 events):
Event: 8.491 GC heap before
{Heap before GC invocations=10 (full 1):
 PSYoungGen      total 185344K, used 31259K [0x00000000e0980000, 0x00000000ecd00000, 0x0000000100000000)
  eden space 174592K, 11% used [0x00000000e0980000,0x00000000e1d8cf98,0x00000000eb400000)
  from space 10752K, 99% used [0x00000000ec200000,0x00000000ecc79e98,0x00000000ecc80000)
  to   space 12800K, 0% used [0x00000000eb400000,0x00000000eb400000,0x00000000ec080000)
 ParOldGen       total 41472K, used 9439K [0x00000000a1c00000, 0x00000000a4480000, 0x00000000e0980000)
  object space 41472K, 22% used [0x00000000a1c00000,0x00000000a2537c60,0x00000000a4480000)
 Metaspace       used 33899K, capacity 35280K, committed 35416K, reserved 1079296K
  class space    used 4339K, capacity 4616K, committed 4696K, reserved 1048576K
Event: 8.510 GC heap after
Heap after GC invocations=10 (full 1):
 PSYoungGen      total 187392K, used 9008K [0x00000000e0980000, 0x00000000f1b80000, 0x0000000100000000)
  eden space 174592K, 0% used [0x00000000e0980000,0x00000000e0980000,0x00000000eb400000)
  from space 12800K, 70% used [0x00000000eb400000,0x00000000ebccc210,0x00000000ec080000)
  to   space 12800K, 0% used [0x00000000f0f00000,0x00000000f0f00000,0x00000000f1b80000)
 ParOldGen       total 41472K, used 9447K [0x00000000a1c00000, 0x00000000a4480000, 0x00000000e0980000)
  object space 41472K, 22% used [0x00000000a1c00000,0x00000000a2539c60,0x00000000a4480000)
 Metaspace       used 33899K, capacity 35280K, committed 35416K, reserved 1079296K
  class space    used 4339K, capacity 4616K, committed 4696K, reserved 1048576K
}
Event: 8.511 GC heap before
{Heap before GC invocations=11 (full 2):
 PSYoungGen      total 187392K, used 9008K [0x00000000e0980000, 0x00000000f1b80000, 0x0000000100000000)
  eden space 174592K, 0% used [0x00000000e0980000,0x00000000e0980000,0x00000000eb400000)
  from space 12800K, 70% used [0x00000000eb400000,0x00000000ebccc210,0x00000000ec080000)
  to   space 12800K, 0% used [0x00000000f0f00000,0x00000000f0f00000,0x00000000f1b80000)
 ParOldGen       total 41472K, used 9447K [0x00000000a1c00000, 0x00000000a4480000, 0x00000000e0980000)
  object space 41472K, 22% used [0x00000000a1c00000,0x00000000a2539c60,0x00000000a4480000)
 Metaspace       used 33899K, capacity 35280K, committed 35416K, reserved 1079296K
  class space    used 4339K, capacity 4616K, committed 4696K, reserved 1048576K
Event: 8.609 GC heap after
Heap after GC invocations=11 (full 2):
 PSYoungGen      total 187392K, used 0K [0x00000000e0980000, 0x00000000f1b80000, 0x0000000100000000)
  eden space 174592K, 0% used [0x00000000e0980000,0x00000000e0980000,0x00000000eb400000)
  from space 12800K, 0% used [0x00000000eb400000,0x00000000eb400000,0x00000000ec080000)
  to   space 12800K, 0% used [0x00000000f0f00000,0x00000000f0f00000,0x00000000f1b80000)
 ParOldGen       total 54272K, used 13491K [0x00000000a1c00000, 0x00000000a5100000, 0x00000000e0980000)
  object space 54272K, 24% used [0x00000000a1c00000,0x00000000a292ce80,0x00000000a5100000)
 Metaspace       used 33899K, capacity 35280K, committed 35416K, reserved 1079296K
  class space    used 4339K, capacity 4616K, committed 4696K, reserved 1048576K
}
Event: 11.610 GC heap before
{Heap before GC invocations=12 (full 2):
 PSYoungGen      total 187392K, used 174592K [0x00000000e0980000, 0x00000000f1b80000, 0x0000000100000000)
  eden space 174592K, 100% used [0x00000000e0980000,0x00000000eb400000,0x00000000eb400000)
  from space 12800K, 0% used [0x00000000eb400000,0x00000000eb400000,0x00000000ec080000)
  to   space 12800K, 0% used [0x00000000f0f00000,0x00000000f0f00000,0x00000000f1b80000)
 ParOldGen       total 54272K, used 13491K [0x00000000a1c00000, 0x00000000a5100000, 0x00000000e0980000)
  object space 54272K, 24% used [0x00000000a1c00000,0x00000000a292ce80,0x00000000a5100000)
 Metaspace       used 50262K, capacity 51910K, committed 52184K, reserved 1093632K
  class space    used 6733K, capacity 7037K, committed 7128K, reserved 1048576K
Event: 11.634 GC heap after
Heap after GC invocations=12 (full 2):
 PSYoungGen      total 261120K, used 12778K [0x00000000e0980000, 0x00000000f1d00000, 0x0000000100000000)
  eden space 248320K, 0% used [0x00000000e0980000,0x00000000e0980000,0x00000000efc00000)
  from space 12800K, 99% used [0x00000000f0f00000,0x00000000f1b7a960,0x00000000f1b80000)
  to   space 16896K, 0% used [0x00000000efc00000,0x00000000efc00000,0x00000000f0c80000)
 ParOldGen       total 54272K, used 19409K [0x00000000a1c00000, 0x00000000a5100000, 0x00000000e0980000)
  object space 54272K, 35% used [0x00000000a1c00000,0x00000000a2ef45e8,0x00000000a5100000)
 Metaspace       used 50262K, capacity 51910K, committed 52184K, reserved 1093632K
  class space    used 6733K, capacity 7037K, committed 7128K, reserved 1048576K
}
Event: 13.859 GC heap before
{Heap before GC invocations=13 (full 2):
 PSYoungGen      total 261120K, used 135103K [0x00000000e0980000, 0x00000000f1d00000, 0x0000000100000000)
  eden space 248320K, 49% used [0x00000000e0980000,0x00000000e80f54b0,0x00000000efc00000)
  from space 12800K, 99% used [0x00000000f0f00000,0x00000000f1b7a960,0x00000000f1b80000)
  to   space 16896K, 0% used [0x00000000efc00000,0x00000000efc00000,0x00000000f0c80000)
 ParOldGen       total 54272K, used 19409K [0x00000000a1c00000, 0x00000000a5100000, 0x00000000e0980000)
  object space 54272K, 35% used [0x00000000a1c00000,0x00000000a2ef45e8,0x00000000a5100000)
 Metaspace       used 56982K, capacity 58972K, committed 59028K, reserved 1099776K
  class space    used 7764K, capacity 8134K, committed 8152K, reserved 1048576K
Event: 13.895 GC heap after
Heap after GC invocations=13 (full 2):
 PSYoungGen      total 265216K, used 10540K [0x00000000e0980000, 0x00000000f7e00000, 0x0000000100000000)
  eden space 248320K, 0% used [0x00000000e0980000,0x00000000e0980000,0x00000000efc00000)
  from space 16896K, 62% used [0x00000000efc00000,0x00000000f064b0e0,0x00000000f0c80000)
  to   space 16896K, 0% used [0x00000000f6d80000,0x00000000f6d80000,0x00000000f7e00000)
 ParOldGen       total 54272K, used 25699K [0x00000000a1c00000, 0x00000000a5100000, 0x00000000e0980000)
  object space 54272K, 47% used [0x00000000a1c00000,0x00000000a3518e50,0x00000000a5100000)
 Metaspace       used 56982K, capacity 58972K, committed 59028K, reserved 1099776K
  class space    used 7764K, capacity 8134K, committed 8152K, reserved 1048576K
}
Event: 13.895 GC heap before
{Heap before GC invocations=14 (full 3):
 PSYoungGen      total 265216K, used 10540K [0x00000000e0980000, 0x00000000f7e00000, 0x0000000100000000)
  eden space 248320K, 0% used [0x00000000e0980000,0x00000000e0980000,0x00000000efc00000)
  from space 16896K, 62% used [0x00000000efc00000,0x00000000f064b0e0,0x00000000f0c80000)
  to   space 16896K, 0% used [0x00000000f6d80000,0x00000000f6d80000,0x00000000f7e00000)
 ParOldGen       total 54272K, used 25699K [0x00000000a1c00000, 0x00000000a5100000, 0x00000000e0980000)
  object space 54272K, 47% used [0x00000000a1c00000,0x00000000a3518e50,0x00000000a5100000)
 Metaspace       used 56982K, capacity 58972K, committed 59028K, reserved 1099776K
  class space    used 7764K, capacity 8134K, committed 8152K, reserved 1048576K
Event: 14.167 GC heap after
Heap after GC invocations=14 (full 3):
 PSYoungGen      total 265216K, used 0K [0x00000000e0980000, 0x00000000f7e00000, 0x0000000100000000)
  eden space 248320K, 0% used [0x00000000e0980000,0x00000000e0980000,0x00000000efc00000)
  from space 16896K, 0% used [0x00000000efc00000,0x00000000efc00000,0x00000000f0c80000)
  to   space 16896K, 0% used [0x00000000f6d80000,0x00000000f6d80000,0x00000000f7e00000)
 ParOldGen       total 82432K, used 28644K [0x00000000a1c00000, 0x00000000a6c80000, 0x00000000e0980000)
  object space 82432K, 34% used [0x00000000a1c00000,0x00000000a37f9000,0x00000000a6c80000)
 Metaspace       used 56982K, capacity 58972K, committed 59028K, reserved 1099776K
  class space    used 7764K, capacity 8134K, committed 8152K, reserved 1048576K
}

