# JRE version: Java(TM) SE Runtime Environment (8.0_231-b11) (build 1.8.0_231-b11)
# Java VM: Java HotSpot(TM) 64-Bit Server VM (25.231-b11 mixed mode windows-amd64 compressed oops)
Heap:
 PSYoungGen      total 161280K, used 101833K [0x00000000e0980000, 0x00000000ebc00000, 0x0000000100000000)
  eden space 147968K, 59% used [0x00000000e0980000,0x00000000e5ff85f8,0x00000000e9a00000)
  from space 13312K, 99% used [0x00000000eaf00000,0x00000000ebbf9fb8,0x00000000ebc00000)
  to   space 15360K, 0% used [0x00000000e9e00000,0x00000000e9e00000,0x00000000ead00000)
 ParOldGen       total 71168K, used 14549K [0x00000000a1c00000, 0x00000000a6180000, 0x00000000e0980000)
  object space 71168K, 20% used [0x00000000a1c00000,0x00000000a2a35750,0x00000000a6180000)
 Metaspace       used 52467K, capacity 54174K, committed 54576K, reserved 1095680K
  class space    used 7091K, capacity 7429K, committed 7472K, reserved 1048576K
GC Heap History (10 events):
Event: 6.230 GC heap before
{Heap before GC invocations=8 (full 1):
 PSYoungGen      total 79360K, used 79064K [0x00000000e0980000, 0x00000000e7500000, 0x0000000100000000)
  eden space 76800K, 100% used [0x00000000e0980000,0x00000000e5480000,0x00000000e5480000)
  from space 2560K, 88% used [0x00000000e7280000,0x00000000e74b6190,0x00000000e7500000)
  to   space 9728K, 0% used [0x00000000e6200000,0x00000000e6200000,0x00000000e6b80000)
 ParOldGen       total 48640K, used 8796K [0x00000000a1c00000, 0x00000000a4b80000, 0x00000000e0980000)
  object space 48640K, 18% used [0x00000000a1c00000,0x00000000a24973b8,0x00000000a4b80000)
 Metaspace       used 27842K, capacity 28664K, committed 28976K, reserved 1075200K
  class space    used 3562K, capacity 3762K, committed 3888K, reserved 1048576K
Event: 6.246 GC heap after
Heap after GC invocations=8 (full 1):
 PSYoungGen      total 100352K, used 8840K [0x00000000e0980000, 0x00000000e9080000, 0x0000000100000000)
  eden space 90624K, 0% used [0x00000000e0980000,0x00000000e0980000,0x00000000e6200000)
  from space 9728K, 90% used [0x00000000e6200000,0x00000000e6aa2180,0x00000000e6b80000)
  to   space 10752K, 0% used [0x00000000e8600000,0x00000000e8600000,0x00000000e9080000)
 ParOldGen       total 48640K, used 8804K [0x00000000a1c00000, 0x00000000a4b80000, 0x00000000e0980000)
  object space 48640K, 18% used [0x00000000a1c00000,0x00000000a24993b8,0x00000000a4b80000)
 Metaspace       used 27842K, capacity 28664K, committed 28976K, reserved 1075200K
  class space    used 3562K, capacity 3762K, committed 3888K, reserved 1048576K
}
Event: 7.831 GC heap before
{Heap before GC invocations=9 (full 1):
 PSYoungGen      total 100352K, used 99464K [0x00000000e0980000, 0x00000000e9080000, 0x0000000100000000)
  eden space 90624K, 100% used [0x00000000e0980000,0x00000000e6200000,0x00000000e6200000)
  from space 9728K, 90% used [0x00000000e6200000,0x00000000e6aa2180,0x00000000e6b80000)
  to   space 10752K, 0% used [0x00000000e8600000,0x00000000e8600000,0x00000000e9080000)
 ParOldGen       total 48640K, used 8804K [0x00000000a1c00000, 0x00000000a4b80000, 0x00000000e0980000)
  object space 48640K, 18% used [0x00000000a1c00000,0x00000000a24993b8,0x00000000a4b80000)
 Metaspace       used 32295K, capacity 33552K, committed 33712K, reserved 1079296K
  class space    used 4127K, capacity 4404K, committed 4528K, reserved 1048576K
Event: 7.864 GC heap after
Heap after GC invocations=9 (full 1):
 PSYoungGen      total 125952K, used 10383K [0x00000000e0980000, 0x00000000ea980000, 0x0000000100000000)
  eden space 115200K, 0% used [0x00000000e0980000,0x00000000e0980000,0x00000000e7a00000)
  from space 10752K, 96% used [0x00000000e8600000,0x00000000e9023f60,0x00000000e9080000)
  to   space 12288K, 0% used [0x00000000e7a00000,0x00000000e7a00000,0x00000000e8600000)
 ParOldGen       total 48640K, used 8876K [0x00000000a1c00000, 0x00000000a4b80000, 0x00000000e0980000)
  object space 48640K, 18% used [0x00000000a1c00000,0x00000000a24ab3c8,0x00000000a4b80000)
 Metaspace       used 32295K, capacity 33552K, committed 33712K, reserved 1079296K
  class space    used 4127K, capacity 4404K, committed 4528K, reserved 1048576K
}
Event: 8.444 GC heap before
{Heap before GC invocations=10 (full 1):
 PSYoungGen      total 125952K, used 34627K [0x00000000e0980000, 0x00000000ea980000, 0x0000000100000000)
  eden space 115200K, 21% used [0x00000000e0980000,0x00000000e212cee0,0x00000000e7a00000)
  from space 10752K, 96% used [0x00000000e8600000,0x00000000e9023f60,0x00000000e9080000)
  to   space 12288K, 0% used [0x00000000e7a00000,0x00000000e7a00000,0x00000000e8600000)
 ParOldGen       total 48640K, used 8876K [0x00000000a1c00000, 0x00000000a4b80000, 0x00000000e0980000)
  object space 48640K, 18% used [0x00000000a1c00000,0x00000000a24ab3c8,0x00000000a4b80000)
 Metaspace       used 34075K, capacity 35438K, committed 35496K, reserved 1081344K
  class space    used 4363K, capacity 4649K, committed 4656K, reserved 1048576K
Event: 8.465 GC heap after
Heap after GC invocations=10 (full 1):
 PSYoungGen      total 127488K, used 9892K [0x00000000e0980000, 0x00000000ebc00000, 0x0000000100000000)
  eden space 115200K, 0% used [0x00000000e0980000,0x00000000e0980000,0x00000000e7a00000)
  from space 12288K, 80% used [0x00000000e7a00000,0x00000000e83a90e8,0x00000000e8600000)
  to   space 13312K, 0% used [0x00000000eaf00000,0x00000000eaf00000,0x00000000ebc00000)
 ParOldGen       total 48640K, used 8884K [0x00000000a1c00000, 0x00000000a4b80000, 0x00000000e0980000)
  object space 48640K, 18% used [0x00000000a1c00000,0x00000000a24ad3c8,0x00000000a4b80000)
 Metaspace       used 34075K, capacity 35438K, committed 35496K, reserved 1081344K
  class space    used 4363K, capacity 4649K, committed 4656K, reserved 1048576K
}
Event: 8.465 GC heap before
{Heap before GC invocations=11 (full 2):
 PSYoungGen      total 127488K, used 9892K [0x00000000e0980000, 0x00000000ebc00000, 0x0000000100000000)
  eden space 115200K, 0% used [0x00000000e0980000,0x00000000e0980000,0x00000000e7a00000)
  from space 12288K, 80% used [0x00000000e7a00000,0x00000000e83a90e8,0x00000000e8600000)
  to   space 13312K, 0% used [0x00000000eaf00000,0x00000000eaf00000,0x00000000ebc00000)
 ParOldGen       total 48640K, used 8884K [0x00000000a1c00000, 0x00000000a4b80000, 0x00000000e0980000)
  object space 48640K, 18% used [0x00000000a1c00000,0x00000000a24ad3c8,0x00000000a4b80000)
 Metaspace       used 34075K, capacity 35438K, committed 35496K, reserved 1081344K
  class space    used 4363K, capacity 4649K, committed 4656K, reserved 1048576K
Event: 8.596 GC heap after
Heap after GC invocations=11 (full 2):
 PSYoungGen      total 127488K, used 0K [0x00000000e0980000, 0x00000000ebc00000, 0x0000000100000000)
  eden space 115200K, 0% used [0x00000000e0980000,0x00000000e0980000,0x00000000e7a00000)
  from space 12288K, 0% used [0x00000000e7a00000,0x00000000e7a00000,0x00000000e8600000)
  to   space 13312K, 0% used [0x00000000eaf00000,0x00000000eaf00000,0x00000000ebc00000)
 ParOldGen       total 71168K, used 14291K [0x00000000a1c00000, 0x00000000a6180000, 0x00000000e0980000)
  object space 71168K, 20% used [0x00000000a1c00000,0x00000000a29f4c90,0x00000000a6180000)
 Metaspace       used 34075K, capacity 35438K, committed 35496K, reserved 1081344K
  class space    used 4363K, capacity 4649K, committed 4656K, reserved 1048576K
}
Event: 11.160 GC heap before
{Heap before GC invocations=12 (full 2):
 PSYoungGen      total 127488K, used 115200K [0x00000000e0980000, 0x00000000ebc00000, 0x0000000100000000)
  eden space 115200K, 100% used [0x00000000e0980000,0x00000000e7a00000,0x00000000e7a00000)
  from space 12288K, 0% used [0x00000000e7a00000,0x00000000e7a00000,0x00000000e8600000)
  to   space 13312K, 0% used [0x00000000eaf00000,0x00000000eaf00000,0x00000000ebc00000)
 ParOldGen       total 71168K, used 14291K [0x00000000a1c00000, 0x00000000a6180000, 0x00000000e0980000)
  object space 71168K, 20% used [0x00000000a1c00000,0x00000000a29f4c90,0x00000000a6180000)
 Metaspace       used 45292K, capacity 46946K, committed 47280K, reserved 1089536K
  class space    used 5966K, capacity 6301K, committed 6320K, reserved 1048576K
Event: 11.183 GC heap after
Heap after GC invocations=12 (full 2):
 PSYoungGen      total 161280K, used 13287K [0x00000000e0980000, 0x00000000ebc00000, 0x0000000100000000)
  eden space 147968K, 0% used [0x00000000e0980000,0x00000000e0980000,0x00000000e9a00000)
  from space 13312K, 99% used [0x00000000eaf00000,0x00000000ebbf9fb8,0x00000000ebc00000)
  to   space 15360K, 0% used [0x00000000e9e00000,0x00000000e9e00000,0x00000000ead00000)
 ParOldGen       total 71168K, used 14549K [0x00000000a1c00000, 0x00000000a6180000, 0x00000000e0980000)
  object space 71168K, 20% used [0x00000000a1c00000,0x00000000a2a35750,0x00000000a6180000)
 Metaspace       used 45292K, capacity 46946K, committed 47280K, reserved 1089536K
  class space    used 5966K, capacity 6301K, committed 6320K, reserved 1048576K
}

